<?xml version="1.0" encoding="UTF-8" ?>
<testsuites>
<testsuite name="scaledcars-control-example-ExampleControlTestSuite.h" tests="1" failures="0" errors="0" time="0" timestamp="Tue Apr 18 10:06:26 2017" file="/opt/opendlv.scaledcars.sources/code/control/example/testsuites/ExampleControlTestSuite.h" >
    <testcase name="testApplication" classname="ExampleControlTest" line="37" >    </testcase>
</testsuite>
</testsuites>
